Added Component: Designator=MOTOR1(HDR1X2)
Added Component: Designator=P2(HDR1X2)
Added Component: Designator=Q1(E3)
Added Component: Designator=Q2(E3)
Added Component: Designator=Q3(E3)
Added Component: Designator=Q4(E3)
Added Component: Designator=Q5(TO-226-AA)
Added Component: Designator=Q6(TO-226-AA)
Added Component: Designator=R1(RESC0402)
Added Component: Designator=R2(RESC0402)
Added Component: Designator=R3(RESC0402)
Added Component: Designator=R4(RESC0402)
Added Component: Designator=R5(RESC0402)
Added Component: Designator=R6(RESC0402)
Added Component: Designator=R7(RESC0402)
Added Component: Designator=R8(RESC0402)
Added Pin To Net: NetName=GND Pin=Q3-3
Added Pin To Net: NetName=GND Pin=Q4-3
Added Pin To Net: NetName=GND Pin=Q5-3
Added Pin To Net: NetName=GND Pin=Q6-3
Added Pin To Net: NetName=GND Pin=R4-1
Added Pin To Net: NetName=GND Pin=R6-1
Added Net: Name=GND
Added Pin To Net: NetName=NetMOTOR1_1 Pin=MOTOR1-1
Added Pin To Net: NetName=NetMOTOR1_1 Pin=Q2-3
Added Pin To Net: NetName=NetMOTOR1_1 Pin=Q4-1
Added Net: Name=NetMOTOR1_1
Added Pin To Net: NetName=NetMOTOR1_2 Pin=MOTOR1-2
Added Pin To Net: NetName=NetMOTOR1_2 Pin=Q1-3
Added Pin To Net: NetName=NetMOTOR1_2 Pin=Q3-1
Added Net: Name=NetMOTOR1_2
Added Pin To Net: NetName=NetP2_1 Pin=P2-1
Added Pin To Net: NetName=NetP2_1 Pin=R8-1
Added Net: Name=NetP2_1
Added Pin To Net: NetName=NetP2_2 Pin=P2-2
Added Pin To Net: NetName=NetP2_2 Pin=R1-2
Added Net: Name=NetP2_2
Added Pin To Net: NetName=NetQ1_2 Pin=Q1-2
Added Pin To Net: NetName=NetQ1_2 Pin=Q5-1
Added Pin To Net: NetName=NetQ1_2 Pin=R2-1
Added Pin To Net: NetName=NetQ1_2 Pin=R3-2
Added Net: Name=NetQ1_2
Added Pin To Net: NetName=NetQ2_2 Pin=Q2-2
Added Pin To Net: NetName=NetQ2_2 Pin=R5-2
Added Net: Name=NetQ2_2
Added Pin To Net: NetName=NetQ3_2 Pin=Q3-2
Added Pin To Net: NetName=NetQ3_2 Pin=R5-1
Added Pin To Net: NetName=NetQ3_2 Pin=R6-2
Added Net: Name=NetQ3_2
Added Pin To Net: NetName=NetQ4_2 Pin=Q4-2
Added Pin To Net: NetName=NetQ4_2 Pin=R3-1
Added Pin To Net: NetName=NetQ4_2 Pin=R4-2
Added Net: Name=NetQ4_2
Added Pin To Net: NetName=NetQ5_2 Pin=Q5-2
Added Pin To Net: NetName=NetQ5_2 Pin=R1-1
Added Net: Name=NetQ5_2
Added Pin To Net: NetName=NetQ6_1 Pin=Q6-1
Added Pin To Net: NetName=NetQ6_1 Pin=R7-1
Added Net: Name=NetQ6_1
Added Pin To Net: NetName=NetQ6_2 Pin=Q6-2
Added Pin To Net: NetName=NetQ6_2 Pin=R8-2
Added Net: Name=NetQ6_2
Added Pin To Net: NetName=VCC1 Pin=Q1-1
Added Pin To Net: NetName=VCC1 Pin=Q2-1
Added Net: Name=VCC1
Added Pin To Net: NetName=VCC2 Pin=R2-2
Added Pin To Net: NetName=VCC2 Pin=R7-2
Added Net: Name=VCC2
Added Class: Name=MostekH
Added Room: Name=MostekH
